logs/big_model_fixed.txt
val_bpb:enabled tokenizer_kind=sentencepiece tokenizer_path=/mnt/ddn/bumkyu/parameter-golf/data/tokenizers/fineweb_1024_bpe.model
train_loader:dataset:fineweb10B_sp1024 train_shards:80
val_loader:shards pattern=/mnt/ddn/bumkyu/parameter-golf/data/datasets/fineweb10B_sp1024/fineweb_val_*.bin tokens:62021632
model_params:54778384
world_size:1 grad_accum_steps:8
sdp_backends:cudnn=False flash=True mem_efficient=False math=False
attention_mode:gqa num_heads:8 num_kv_heads:4
tie_embeddings:True embed_lr:0.05 head_lr:0.0 matrix_lr:0.04 scalar_lr:0.04
train_batch_tokens:524288 train_seq_len:1024 iterations:5000 warmup_steps:20 max_wallclock_seconds:0.000
think_steps:4 think_threshold:1.5 think_num_rollouts:4 think_lr:0.001 phase1_ratio:1.0 think_clip_eps:0.2
seed:1337
warmup_step:1/20
warmup_step:2/20
warmup_step:3/20
warmup_step:4/20
warmup_step:5/20
warmup_step:6/20
warmup_step:7/20
warmup_step:8/20
warmup_step:9/20
warmup_step:10/20
warmup_step:11/20
warmup_step:12/20
warmup_step:13/20
warmup_step:14/20
warmup_step:15/20
warmup_step:16/20
warmup_step:17/20
warmup_step:18/20
warmup_step:19/20
warmup_step:20/20
step:0/5000 val_loss:6.9463 val_bpb:4.1140 train_time:0ms step_avg:0.02ms
step:1/5000 phase:1 train_loss:6.9461 train_time:3408ms step_avg:3407.52ms
step:2/5000 phase:1 train_loss:18.0167 train_time:6829ms step_avg:3414.33ms
step:3/5000 phase:1 train_loss:8.3897 train_time:10246ms step_avg:3415.44ms
step:4/5000 phase:1 train_loss:6.7929 train_time:13665ms step_avg:3416.33ms
step:5/5000 phase:1 train_loss:6.6815 train_time:17089ms step_avg:3417.76ms
step:6/5000 phase:1 train_loss:6.6203 train_time:20511ms step_avg:3418.45ms
step:7/5000 phase:1 train_loss:6.2929 train_time:23933ms step_avg:3419.00ms
step:8/5000 phase:1 train_loss:6.1222 train_time:27351ms step_avg:3418.84ms
step:9/5000 phase:1 train_loss:6.0095 train_time:30767ms step_avg:3418.52ms
step:10/5000 phase:1 train_loss:5.9160 train_time:34185ms step_avg:3418.54ms
step:100/5000 phase:1 train_loss:3.4419 train_time:342418ms step_avg:3424.18ms
step:200/5000 phase:1 train_loss:2.8720 train_time:685038ms step_avg:3425.19ms
step:300/5000 phase:1 train_loss:2.6487 train_time:1027358ms step_avg:3424.53ms
step:400/5000 phase:1 train_loss:2.3867 train_time:1369600ms step_avg:3424.00ms
step:500/5000 phase:1 train_loss:2.4717 train_time:1711800ms step_avg:3423.60ms
step:500/5000 val_loss:2.4670 val_bpb:1.4611 train_time:1711800ms step_avg:3423.60ms
step:600/5000 phase:1 train_loss:2.4517 train_time:2054152ms step_avg:3423.59ms
step:700/5000 phase:1 train_loss:2.3972 train_time:2396279ms step_avg:3423.26ms
step:800/5000 phase:1 train_loss:2.2877 train_time:2738457ms step_avg:3423.07ms
step:900/5000 phase:1 train_loss:2.3035 train_time:3080638ms step_avg:3422.93ms
step:1000/5000 phase:1 train_loss:2.2910 train_time:3422798ms step_avg:3422.80ms
step:1000/5000 val_loss:2.2587 val_bpb:1.3377 train_time:3422799ms step_avg:3422.80ms
step:1100/5000 phase:1 train_loss:2.2061 train_time:3764926ms step_avg:3422.66ms
step:1200/5000 phase:1 train_loss:2.2099 train_time:4107063ms step_avg:3422.55ms
step:1300/5000 phase:1 train_loss:2.2249 train_time:4448997ms step_avg:3422.31ms
step:1400/5000 phase:1 train_loss:2.2427 train_time:4791291ms step_avg:3422.35ms
step:1500/5000 phase:1 train_loss:2.1974 train_time:5133237ms step_avg:3422.16ms
step:1500/5000 val_loss:2.1808 val_bpb:1.2916 train_time:5133239ms step_avg:3422.16ms
step:1600/5000 phase:1 train_loss:2.1306 train_time:5475452ms step_avg:3422.16ms
step:1700/5000 phase:1 train_loss:2.1785 train_time:5817425ms step_avg:3422.01ms
step:1800/5000 phase:1 train_loss:2.1710 train_time:6159603ms step_avg:3422.00ms
step:1900/5000 phase:1 train_loss:2.1175 train_time:6501602ms step_avg:3421.90ms
step:2000/5000 phase:1 train_loss:2.1243 train_time:6843645ms step_avg:3421.82ms
step:2000/5000 val_loss:2.1352 val_bpb:1.2646 train_time:6843646ms step_avg:3421.82ms
step:2100/5000 phase:1 train_loss:2.2726 train_time:7185830ms step_avg:3421.82ms
step:2200/5000 phase:1 train_loss:2.0524 train_time:7527658ms step_avg:3421.66ms
step:2300/5000 phase:1 train_loss:2.1665 train_time:7869702ms step_avg:3421.61ms
step:2400/5000 phase:1 train_loss:2.1014 train_time:8211723ms step_avg:3421.55ms
step:2500/5000 phase:1 train_loss:2.0856 train_time:8553776ms step_avg:3421.51ms
step:2500/5000 val_loss:2.1039 val_bpb:1.2461 train_time:8553778ms step_avg:3421.51ms
step:2600/5000 phase:1 train_loss:2.1677 train_time:8895738ms step_avg:3421.44ms
step:2700/5000 phase:1 train_loss:2.1092 train_time:9237901ms step_avg:3421.44ms
step:2800/5000 phase:1 train_loss:2.1038 train_time:9579815ms step_avg:3421.36ms
step:2900/5000 phase:1 train_loss:2.0867 train_time:9921885ms step_avg:3421.34ms
step:3000/5000 phase:1 train_loss:2.0392 train_time:10263777ms step_avg:3421.26ms
step:3000/5000 val_loss:2.0825 val_bpb:1.2333 train_time:10263778ms step_avg:3421.26ms
step:3100/5000 phase:1 train_loss:2.0876 train_time:10605795ms step_avg:3421.22ms
step:3200/5000 phase:1 train_loss:2.1050 train_time:10947634ms step_avg:3421.14ms
step:3300/5000 phase:1 train_loss:2.1069 train_time:11289668ms step_avg:3421.11ms
step:3400/5000 phase:1 train_loss:2.0878 train_time:11631499ms step_avg:3421.03ms
step:3500/5000 phase:1 train_loss:2.1439 train_time:11973395ms step_avg:3420.97ms
step:3500/5000 val_loss:2.0642 val_bpb:1.2225 train_time:11973397ms step_avg:3420.97ms
step:3600/5000 phase:1 train_loss:2.0362 train_time:12315334ms step_avg:3420.93ms
step:3700/5000 phase:1 train_loss:2.0399 train_time:12657321ms step_avg:3420.90ms
step:3800/5000 phase:1 train_loss:2.1145 train_time:12999288ms step_avg:3420.87ms
step:3900/5000 phase:1 train_loss:2.0438 train_time:13341418ms step_avg:3420.88ms
step:4000/5000 phase:1 train_loss:2.0079 train_time:13683307ms step_avg:3420.83ms
step:4000/5000 val_loss:2.0411 val_bpb:1.2088 train_time:13683309ms step_avg:3420.83ms
step:4100/5000 phase:1 train_loss:2.0659 train_time:14025375ms step_avg:3420.82ms
step:4200/5000 phase:1 train_loss:2.0692 train_time:14367460ms step_avg:3420.82ms
step:4300/5000 phase:1 train_loss:1.9784 train_time:14709230ms step_avg:3420.75ms
step:4400/5000 phase:1 train_loss:2.0626 train_time:15051223ms step_avg:3420.73ms
step:4500/5000 phase:1 train_loss:2.0148 train_time:15393041ms step_avg:3420.68ms
step:4500/5000 val_loss:2.0064 val_bpb:1.1883 train_time:15393042ms step_avg:3420.68ms
step:4600/5000 phase:1 train_loss:1.8933 train_time:15734989ms step_avg:3420.65ms
step:4700/5000 phase:1 train_loss:2.0417 train_time:16076847ms step_avg:3420.61ms
step:4800/5000 phase:1 train_loss:1.9915 train_time:16418895ms step_avg:3420.60ms
step:4900/5000 phase:1 train_loss:1.9788 train_time:16760683ms step_avg:3420.55ms
step:5000/5000 phase:1 train_loss:1.9787 train_time:17102891ms step_avg:3420.58ms
step:5000/5000 val_loss:1.9784 val_bpb:1.1717 train_time:17102892ms step_avg:3420.58ms
peak memory allocated: 33081 MiB reserved: 34334 MiB
Serialized model: 212955723 bytes
Code size: 57531 bytes
Total submission size: 213013254 bytes
Serialized model int8+zlib: 49037852 bytes (payload:55086144 raw_torch:55177645 payload_ratio:3.86x)
Total submission size int8+zlib: 49095383 bytes
final_int8_zlib_roundtrip val_loss:1.9840 val_bpb:1.1751 eval_time:135390ms
final_int8_zlib_roundtrip_exact val_loss:1.98402777 val_bpb:1.17505300
