logs/big_model_full_data.txt
val_bpb:enabled tokenizer_kind=sentencepiece tokenizer_path=/mnt/ddn/bumkyu/parameter-golf/data/tokenizers/fineweb_1024_bpe.model
train_loader:dataset:fineweb10B_sp1024 train_shards:80
val_loader:shards pattern=/mnt/ddn/bumkyu/parameter-golf/data/datasets/fineweb10B_sp1024/fineweb_val_*.bin tokens:62021632
model_params:54778384
world_size:1 grad_accum_steps:8
sdp_backends:cudnn=False flash=True mem_efficient=False math=False
attention_mode:gqa num_heads:8 num_kv_heads:4
tie_embeddings:True embed_lr:0.05 head_lr:0.0 matrix_lr:0.04 scalar_lr:0.04
train_batch_tokens:524288 train_seq_len:1024 iterations:5000 warmup_steps:20 max_wallclock_seconds:0.000
think_steps:4 think_threshold:1.5 think_num_rollouts:4 think_lr:0.001 phase1_ratio:1.0 think_clip_eps:0.2
seed:1337
warmup_step:1/20
warmup_step:2/20
warmup_step:3/20
warmup_step:4/20
warmup_step:5/20
warmup_step:6/20
warmup_step:7/20
warmup_step:8/20
warmup_step:9/20
warmup_step:10/20
warmup_step:11/20
warmup_step:12/20
warmup_step:13/20
warmup_step:14/20
warmup_step:15/20
warmup_step:16/20
warmup_step:17/20
warmup_step:18/20
warmup_step:19/20
warmup_step:20/20
step:0/5000 val_loss:6.9312 val_bpb:4.1050 train_time:0ms step_avg:0.04ms
step:1/5000 phase:1 train_loss:6.9461 train_time:3410ms step_avg:3409.68ms
step:2/5000 phase:1 train_loss:18.0167 train_time:6827ms step_avg:3413.33ms
step:3/5000 phase:1 train_loss:8.3897 train_time:10245ms step_avg:3414.97ms
step:4/5000 phase:1 train_loss:6.7928 train_time:13671ms step_avg:3417.71ms
step:5/5000 phase:1 train_loss:6.6814 train_time:17088ms step_avg:3417.59ms
step:6/5000 phase:1 train_loss:6.6205 train_time:20506ms step_avg:3417.71ms
step:7/5000 phase:1 train_loss:6.2929 train_time:23925ms step_avg:3417.82ms
step:8/5000 phase:1 train_loss:6.1222 train_time:27353ms step_avg:3419.11ms
step:9/5000 phase:1 train_loss:6.0097 train_time:30772ms step_avg:3419.06ms
step:10/5000 phase:1 train_loss:5.9162 train_time:34188ms step_avg:3418.80ms
step:100/5000 phase:1 train_loss:3.4364 train_time:342178ms step_avg:3421.78ms
step:200/5000 phase:1 train_loss:2.8733 train_time:685028ms step_avg:3425.14ms
step:300/5000 phase:1 train_loss:2.6457 train_time:1027590ms step_avg:3425.30ms
step:400/5000 phase:1 train_loss:2.3891 train_time:1370131ms step_avg:3425.33ms
step:500/5000 phase:1 train_loss:2.4674 train_time:1712624ms step_avg:3425.25ms
step:500/5000 val_loss:8.7601 val_bpb:5.1882 train_time:1712625ms step_avg:3425.25ms
step:600/5000 phase:1 train_loss:2.4561 train_time:2054501ms step_avg:3424.17ms
step:700/5000 phase:1 train_loss:2.4009 train_time:2396138ms step_avg:3423.05ms
step:800/5000 phase:1 train_loss:2.2912 train_time:2737818ms step_avg:3422.27ms
step:900/5000 phase:1 train_loss:2.3012 train_time:3079520ms step_avg:3421.69ms
step:1000/5000 phase:1 train_loss:2.2931 train_time:3421432ms step_avg:3421.43ms
step:1000/5000 val_loss:13.4210 val_bpb:7.9487 train_time:3421433ms step_avg:3421.43ms
step:1100/5000 phase:1 train_loss:2.2086 train_time:3763157ms step_avg:3421.05ms
step:1200/5000 phase:1 train_loss:2.2112 train_time:4105184ms step_avg:3420.99ms
step:1300/5000 phase:1 train_loss:2.2270 train_time:4446840ms step_avg:3420.65ms
step:1400/5000 phase:1 train_loss:2.2411 train_time:4788821ms step_avg:3420.59ms
step:1500/5000 phase:1 train_loss:2.1984 train_time:5130420ms step_avg:3420.28ms
step:1500/5000 val_loss:16.2443 val_bpb:9.6208 train_time:5130421ms step_avg:3420.28ms
step:1600/5000 phase:1 train_loss:2.1316 train_time:5472284ms step_avg:3420.18ms
step:1700/5000 phase:1 train_loss:2.1769 train_time:5813953ms step_avg:3419.97ms
step:1800/5000 phase:1 train_loss:2.1711 train_time:6155663ms step_avg:3419.81ms
step:1900/5000 phase:1 train_loss:2.1183 train_time:6497245ms step_avg:3419.60ms
step:2000/5000 phase:1 train_loss:2.1246 train_time:6838939ms step_avg:3419.47ms
step:2000/5000 val_loss:17.6855 val_bpb:10.4743 train_time:6838939ms step_avg:3419.47ms
step:2100/5000 phase:1 train_loss:2.2754 train_time:7180855ms step_avg:3419.45ms
step:2200/5000 phase:1 train_loss:2.0527 train_time:7522392ms step_avg:3419.27ms
step:2300/5000 phase:1 train_loss:2.1691 train_time:7864057ms step_avg:3419.16ms
step:2400/5000 phase:1 train_loss:2.1017 train_time:8205472ms step_avg:3418.95ms
step:2500/5000 phase:1 train_loss:2.0858 train_time:8547077ms step_avg:3418.83ms
step:2500/5000 val_loss:18.5247 val_bpb:10.9714 train_time:8547078ms step_avg:3418.83ms
step:2600/5000 phase:1 train_loss:2.1691 train_time:8888661ms step_avg:3418.72ms
step:2700/5000 phase:1 train_loss:2.1112 train_time:9230292ms step_avg:3418.63ms
step:2800/5000 phase:1 train_loss:2.1064 train_time:9571767ms step_avg:3418.49ms
step:2900/5000 phase:1 train_loss:2.0886 train_time:9913471ms step_avg:3418.44ms
step:3000/5000 phase:1 train_loss:2.0387 train_time:10255013ms step_avg:3418.34ms
step:3000/5000 val_loss:19.0662 val_bpb:11.2921 train_time:10255015ms step_avg:3418.34ms
step:3100/5000 phase:1 train_loss:2.0888 train_time:10596599ms step_avg:3418.26ms
step:3200/5000 phase:1 train_loss:2.1052 train_time:10938064ms step_avg:3418.14ms
step:3300/5000 phase:1 train_loss:2.1079 train_time:11279623ms step_avg:3418.07ms
step:3400/5000 phase:1 train_loss:2.0866 train_time:11621184ms step_avg:3418.00ms
step:3500/5000 phase:1 train_loss:2.1452 train_time:11962769ms step_avg:3417.93ms
step:3500/5000 val_loss:18.3192 val_bpb:10.8497 train_time:11962770ms step_avg:3417.93ms
step:3600/5000 phase:1 train_loss:2.0367 train_time:12304250ms step_avg:3417.85ms
step:3700/5000 phase:1 train_loss:2.0409 train_time:12645727ms step_avg:3417.76ms
step:3800/5000 phase:1 train_loss:2.1144 train_time:12987258ms step_avg:3417.70ms
step:3900/5000 phase:1 train_loss:2.0443 train_time:13328927ms step_avg:3417.67ms
step:4000/5000 phase:1 train_loss:2.0086 train_time:13670599ms step_avg:3417.65ms
step:4000/5000 val_loss:18.6581 val_bpb:11.0504 train_time:13670601ms step_avg:3417.65ms
step:4100/5000 phase:1 train_loss:2.0658 train_time:14012823ms step_avg:3417.76ms
step:4200/5000 phase:1 train_loss:2.0692 train_time:14355104ms step_avg:3417.88ms
step:4300/5000 phase:1 train_loss:1.9785 train_time:14697052ms step_avg:3417.92ms
step:4400/5000 phase:1 train_loss:2.0632 train_time:15039144ms step_avg:3417.99ms
step:4500/5000 phase:1 train_loss:2.0151 train_time:15381183ms step_avg:3418.04ms
step:4500/5000 val_loss:18.2962 val_bpb:10.8361 train_time:15381193ms step_avg:3418.04ms
step:4600/5000 phase:1 train_loss:1.8952 train_time:15723393ms step_avg:3418.13ms
step:4700/5000 phase:1 train_loss:2.0430 train_time:16065472ms step_avg:3418.19ms
step:4800/5000 phase:1 train_loss:1.9906 train_time:16407613ms step_avg:3418.25ms
step:4900/5000 phase:1 train_loss:1.9791 train_time:16749793ms step_avg:3418.33ms
step:5000/5000 phase:1 train_loss:1.9799 train_time:17092070ms step_avg:3418.41ms
step:5000/5000 val_loss:18.3263 val_bpb:10.8539 train_time:17092071ms step_avg:3418.41ms
peak memory allocated: 33081 MiB reserved: 34734 MiB
Serialized model: 212955723 bytes
Code size: 57552 bytes
Total submission size: 213013275 bytes
Serialized model int8+zlib: 49028418 bytes (payload:55086144 raw_torch:55177645 payload_ratio:3.86x)
Total submission size int8+zlib: 49085970 bytes
final_int8_zlib_roundtrip val_loss:18.2251 val_bpb:10.7939 eval_time:145919ms
final_int8_zlib_roundtrip_exact val_loss:18.22512326 val_bpb:10.79394457
