logs/thinking_phase1_long.txt
val_bpb:enabled tokenizer_kind=sentencepiece tokenizer_path=/mnt/ddn/bumkyu/parameter-golf/data/tokenizers/fineweb_1024_bpe.model
train_loader:dataset:fineweb10B_sp1024 train_shards:10
val_loader:shards pattern=/mnt/ddn/bumkyu/parameter-golf/data/datasets/fineweb10B_sp1024/fineweb_val_*.bin tokens:62021632
model_params:18635848
world_size:1 grad_accum_steps:8
sdp_backends:cudnn=False flash=True mem_efficient=False math=False
attention_mode:gqa num_heads:8 num_kv_heads:4
tie_embeddings:True embed_lr:0.05 head_lr:0.0 matrix_lr:0.04 scalar_lr:0.04
train_batch_tokens:524288 train_seq_len:1024 iterations:5000 warmup_steps:20 max_wallclock_seconds:0.000
think_steps:4 think_threshold:1.5 think_num_rollouts:4 think_lr:0.001 phase1_ratio:1.0 think_clip_eps:0.2
seed:1337
warmup_step:1/20
warmup_step:2/20
warmup_step:3/20
warmup_step:4/20
warmup_step:5/20
warmup_step:6/20
warmup_step:7/20
warmup_step:8/20
warmup_step:9/20
warmup_step:10/20
warmup_step:11/20
warmup_step:12/20
warmup_step:13/20
warmup_step:14/20
warmup_step:15/20
warmup_step:16/20
warmup_step:17/20
warmup_step:18/20
warmup_step:19/20
warmup_step:20/20
step:0/5000 val_loss:6.9307 val_bpb:4.1047 train_time:0ms step_avg:0.05ms
step:1/5000 phase:1 train_loss:6.9358 train_time:1324ms step_avg:1323.58ms
step:2/5000 phase:1 train_loss:16.8404 train_time:2653ms step_avg:1326.33ms
step:3/5000 phase:1 train_loss:8.7469 train_time:3978ms step_avg:1325.93ms
step:4/5000 phase:1 train_loss:6.5910 train_time:5303ms step_avg:1325.64ms
step:5/5000 phase:1 train_loss:6.6586 train_time:6628ms step_avg:1325.52ms
step:6/5000 phase:1 train_loss:6.6964 train_time:7952ms step_avg:1325.39ms
step:7/5000 phase:1 train_loss:6.3312 train_time:9277ms step_avg:1325.30ms
step:8/5000 phase:1 train_loss:6.1785 train_time:10607ms step_avg:1325.83ms
step:9/5000 phase:1 train_loss:6.0773 train_time:11931ms step_avg:1325.71ms
step:10/5000 phase:1 train_loss:5.9899 train_time:13256ms step_avg:1325.58ms
step:100/5000 phase:1 train_loss:3.4038 train_time:132519ms step_avg:1325.19ms
step:200/5000 phase:1 train_loss:2.8758 train_time:265020ms step_avg:1325.10ms
step:300/5000 phase:1 train_loss:2.6849 train_time:397485ms step_avg:1324.95ms
step:400/5000 phase:1 train_loss:2.4357 train_time:529896ms step_avg:1324.74ms
step:500/5000 phase:1 train_loss:2.5340 train_time:672656ms step_avg:1345.31ms
step:500/5000 val_loss:7.7418 val_bpb:4.5852 train_time:672657ms step_avg:1345.31ms
