model_params:17060936
world_size:1 grad_accum_steps:8
think_steps:4 think_threshold:3.0
phase1_ratio:0.7
warmup_step:1/20
warmup_step:2/20
warmup_step:3/20
warmup_step:4/20
warmup_step:5/20
warmup_step:6/20
warmup_step:7/20
warmup_step:8/20
warmup_step:9/20
warmup_step:10/20
warmup_step:11/20
warmup_step:12/20
warmup_step:13/20
warmup_step:14/20
warmup_step:15/20
warmup_step:16/20
warmup_step:17/20
warmup_step:18/20
warmup_step:19/20
warmup_step:20/20
step:0/2000 val_loss:6.9390 val_bpb:4.1096 train_time:0ms step_avg:0.01ms
step:1/2000 train_loss:6.9394 train_time:636ms step_avg:635.80ms
step:2/2000 train_loss:16.9445 train_time:1273ms step_avg:636.54ms
step:3/2000 train_loss:8.9781 train_time:1913ms step_avg:637.78ms
step:4/2000 train_loss:6.5735 train_time:2553ms step_avg:638.25ms
step:5/2000 train_loss:6.6619 train_time:3192ms step_avg:638.42ms
step:6/2000 train_loss:6.6819 train_time:3835ms step_avg:639.12ms
step:7/2000 train_loss:6.3136 train_time:4474ms step_avg:639.09ms
step:8/2000 train_loss:6.1617 train_time:5113ms step_avg:639.10ms
step:9/2000 train_loss:6.0519 train_time:5752ms step_avg:639.07ms
step:10/2000 train_loss:5.9748 train_time:6390ms step_avg:639.00ms
step:200/2000 train_loss:2.7971 train_time:128511ms step_avg:642.56ms
step:400/2000 train_loss:2.4059 train_time:257084ms step_avg:642.71ms
step:500/2000 val_loss:2.5045 val_bpb:1.4833 train_time:321290ms step_avg:642.58ms
step:600/2000 train_loss:2.5058 train_time:385640ms step_avg:642.73ms
step:800/2000 train_loss:2.3537 train_time:514180ms step_avg:642.73ms
step:1000/2000 train_loss:2.3556 train_time:642696ms step_avg:642.70ms
step:1000/2000 val_loss:2.3241 val_bpb:1.3764 train_time:642697ms step_avg:642.70ms
step:1200/2000 train_loss:2.2743 train_time:771204ms step_avg:642.67ms
step:1400/2000 train_loss:2.2995 train_time:899852ms step_avg:642.75ms
step:1500/2000 val_loss:2.2396 val_bpb:1.3264 train_time:964064ms step_avg:642.71ms
step:1600/2000 train_loss:2.1864 train_time:1028384ms step_avg:642.74ms
step:1800/2000 train_loss:2.2244 train_time:1156841ms step_avg:642.69ms
step:2000/2000 train_loss:2.1784 train_time:1285312ms step_avg:642.66ms
step:2000/2000 val_loss:2.1895 val_bpb:1.2967 train_time:1285313ms step_avg:642.66ms
peak memory allocated: 10901 MiB reserved: 11006 MiB
Serialized model: 67227031 bytes
Total submission size: 67263997 bytes
Serialized model int8+zlib: 14964804 bytes
Total submission size int8+zlib: 15001770 bytes
final_int8_zlib_roundtrip val_loss:2.1921 val_bpb:1.2983 eval_time:21585ms
